<?xml version="1.0" encoding="UTF-8"?>
<testng-results ignored="0" total="3" passed="3" failed="0" skipped="0">
  <reporter-output>
  </reporter-output>
  <suite started-at="2025-09-04T16:46:48 IST" name="Suite" finished-at="2025-09-04T16:58:45 IST" duration-ms="716433">
    <groups>
      <group name="regressionTest">
        <method signature="CreateContactTest.createContactWithOrgTest()[pri:0, instance:com.concast.crm.contacttest.CreateContactTest@41d477ed]" name="createContactWithOrgTest" class="com.concast.crm.contacttest.CreateContactTest"/>
        <method signature="CreateContactTest.createContactWithSupportDate()[pri:0, instance:com.concast.crm.contacttest.CreateContactTest@41d477ed]" name="createContactWithSupportDate" class="com.concast.crm.contacttest.CreateContactTest"/>
      </group> <!-- regressionTest -->
      <group name="smokeTest">
        <method signature="CreateContactTest.createContactTest()[pri:0, instance:com.concast.crm.contacttest.CreateContactTest@41d477ed]" name="createContactTest" class="com.concast.crm.contacttest.CreateContactTest"/>
      </group> <!-- smokeTest -->
    </groups>
    <test started-at="2025-09-04T16:46:48 IST" name="Test" finished-at="2025-09-04T16:58:45 IST" duration-ms="716433">
      <class name="com.concast.crm.contacttest.CreateContactTest">
        <test-method is-config="true" signature="configBS()[pri:0, instance:com.concast.crm.contacttest.CreateContactTest@41d477ed]" started-at="2025-09-04T16:46:30 IST" name="configBS" finished-at="2025-09-04T16:46:48 IST" duration-ms="17984" status="PASS">
          <reporter-output>
          </reporter-output>
        </test-method> <!-- configBS -->
        <test-method is-config="true" signature="configBC()[pri:0, instance:com.concast.crm.contacttest.CreateContactTest@41d477ed]" started-at="2025-09-04T16:46:48 IST" name="configBC" finished-at="2025-09-04T16:50:15 IST" duration-ms="206511" status="PASS">
          <reporter-output>
          </reporter-output>
        </test-method> <!-- configBC -->
        <test-method is-config="true" signature="configBM()[pri:0, instance:com.concast.crm.contacttest.CreateContactTest@41d477ed]" started-at="2025-09-04T16:50:19 IST" name="configBM" finished-at="2025-09-04T16:56:13 IST" duration-ms="354257" status="PASS">
          <reporter-output>
          </reporter-output>
        </test-method> <!-- configBM -->
        <test-method signature="createContactTest()[pri:0, instance:com.concast.crm.contacttest.CreateContactTest@41d477ed]" started-at="2025-09-04T16:56:13 IST" name="createContactTest" finished-at="2025-09-04T16:56:27 IST" duration-ms="14093" status="PASS">
          <reporter-output>
          </reporter-output>
        </test-method> <!-- createContactTest -->
        <test-method is-config="true" signature="configAM()[pri:0, instance:com.concast.crm.contacttest.CreateContactTest@41d477ed]" started-at="2025-09-04T16:56:27 IST" name="configAM" finished-at="2025-09-04T16:57:14 IST" duration-ms="46639" status="PASS">
          <reporter-output>
          </reporter-output>
        </test-method> <!-- configAM -->
        <test-method is-config="true" signature="configBM()[pri:0, instance:com.concast.crm.contacttest.CreateContactTest@41d477ed]" started-at="2025-09-04T16:57:29 IST" name="configBM" finished-at="2025-09-04T16:57:42 IST" duration-ms="12361" status="PASS">
          <reporter-output>
          </reporter-output>
        </test-method> <!-- configBM -->
        <test-method signature="createContactWithOrgTest()[pri:0, instance:com.concast.crm.contacttest.CreateContactTest@41d477ed]" started-at="2025-09-04T16:57:42 IST" name="createContactWithOrgTest" finished-at="2025-09-04T16:57:50 IST" duration-ms="8871" status="PASS">
          <reporter-output>
          </reporter-output>
        </test-method> <!-- createContactWithOrgTest -->
        <test-method is-config="true" signature="configAM()[pri:0, instance:com.concast.crm.contacttest.CreateContactTest@41d477ed]" started-at="2025-09-04T16:57:50 IST" name="configAM" finished-at="2025-09-04T16:58:20 IST" duration-ms="29951" status="PASS">
          <reporter-output>
          </reporter-output>
        </test-method> <!-- configAM -->
        <test-method is-config="true" signature="configBM()[pri:0, instance:com.concast.crm.contacttest.CreateContactTest@41d477ed]" started-at="2025-09-04T16:58:20 IST" name="configBM" finished-at="2025-09-04T16:58:33 IST" duration-ms="13085" status="PASS">
          <reporter-output>
          </reporter-output>
        </test-method> <!-- configBM -->
        <test-method signature="createContactWithSupportDate()[pri:0, instance:com.concast.crm.contacttest.CreateContactTest@41d477ed]" started-at="2025-09-04T16:58:33 IST" name="createContactWithSupportDate" finished-at="2025-09-04T16:58:38 IST" duration-ms="4738" status="PASS">
          <reporter-output>
          </reporter-output>
        </test-method> <!-- createContactWithSupportDate -->
        <test-method is-config="true" signature="configAM()[pri:0, instance:com.concast.crm.contacttest.CreateContactTest@41d477ed]" started-at="2025-09-04T16:58:38 IST" name="configAM" finished-at="2025-09-04T16:58:42 IST" duration-ms="3610" status="PASS">
          <reporter-output>
          </reporter-output>
        </test-method> <!-- configAM -->
        <test-method is-config="true" signature="configAC()[pri:0, instance:com.concast.crm.contacttest.CreateContactTest@41d477ed]" started-at="2025-09-04T16:58:42 IST" name="configAC" finished-at="2025-09-04T16:58:45 IST" duration-ms="2860" status="PASS">
          <reporter-output>
          </reporter-output>
        </test-method> <!-- configAC -->
        <test-method is-config="true" signature="configAS()[pri:0, instance:com.concast.crm.contacttest.CreateContactTest@41d477ed]" started-at="2025-09-04T16:58:45 IST" name="configAS" finished-at="2025-09-04T16:58:47 IST" duration-ms="1839" status="PASS">
          <reporter-output>
          </reporter-output>
        </test-method> <!-- configAS -->
      </class> <!-- com.concast.crm.contacttest.CreateContactTest -->
    </test> <!-- Test -->
  </suite> <!-- Suite -->
</testng-results>
