<?xml version="1.0" encoding="UTF-8"?>
<!-- Generated by org.testng.reporters.JUnitXMLReporter -->
<testsuite ignored="0" hostname="Rikki_PC" failures="0" tests="3" name="Test" time="716.433" errors="0" timestamp="2025-09-04T16:58:45 IST">
  <testcase classname="com.concast.crm.contacttest.CreateContactTest" name="createContactTest" time="14.093"/>
  <testcase classname="com.concast.crm.contacttest.CreateContactTest" name="createContactWithOrgTest" time="8.871"/>
  <testcase classname="com.concast.crm.contacttest.CreateContactTest" name="createContactWithSupportDate" time="4.738"/>
</testsuite> <!-- Test -->
